<?xml version="1.0" encoding="UTF-8"?>
<!-- Generated by org.testng.reporters.JUnitReportReporter -->
<testsuite hostname="SCIN_SMEHTA" failures="0" tests="1" name="com.supplycopia.template.test.UserLoginTests" time="11.495" errors="0" timestamp="2021-12-02T12:56:56 IST" skipped="0">
  <testcase classname="com.supplycopia.template.test.UserLoginTests" name="UserLoginTest" time="11.495"/>
  <system-out>
    <![CDATA[Executing; ui_launch
C:\Users\smehta\eclipse-workspace\TAF_Template\Reports\Screenshots\UserLoginTest\UserLoginTest_02125651.jpg
C:\Users\smehta\eclipse-workspace\TAF_Template\Reports\Screenshots\UserLoginTest\UserLoginTest_02125652.jpg
C:\Users\smehta\eclipse-workspace\TAF_Template\Reports\Screenshots\UserLoginTest\_02125656.jpg
Successful navigation is validated
Test case finihed]]>
  </system-out>
</testsuite> <!-- com.supplycopia.template.test.UserLoginTests -->
