<?xml version="1.0" encoding="UTF-8"?>
<!-- Generated by org.testng.reporters.JUnitReportReporter -->
<testsuite hostname="SCIN_SMEHTA" failures="0" tests="1" name="com.supplycopia.template.test.UserLoginTests3" time="24.818" errors="0" timestamp="2021-11-24T10:13:37 IST" skipped="0">
  <testcase classname="com.supplycopia.template.test.UserLoginTests3" name="UserLoginTest3" time="24.818"/>
  <system-out>
    <![CDATA[Executing; ui_launch
C:\Users\smehta\eclipse-workspace\TAF_Template\Reports\Screenshots\UserLoginTest3\UserLoginTest3_24101321.jpg
C:\Users\smehta\eclipse-workspace\TAF_Template\Reports\Screenshots\UserLoginTest3\UserLoginTest3_24101321.jpg
C:\Users\smehta\eclipse-workspace\TAF_Template\Reports\Screenshots\UserLoginTest3\_24101326.jpg
Test case finihed
C:\Users\smehta\eclipse-workspace\TAF_Template\Reports\Screenshots\UserLoginTest3\_24101336.jpg
####### End of Test Case: UserLoginTest3 #######]]>
  </system-out>
</testsuite> <!-- com.supplycopia.template.test.UserLoginTests3 -->
